[14-Feb-2024 11:44:33 UTC] Sync process for Gutenberg Blocks has started.
[14-Feb-2024 11:44:33 UTC] CATEGORY: Storing in option ast-block-templates-categories
[14-Feb-2024 11:44:33 UTC] BLOCK: Requests count 8
[14-Feb-2024 11:44:33 UTC] BLOCK: Importing request 1 ..
[14-Feb-2024 11:44:33 UTC] BLOCK: https://websitedemos.net/wp-json/astra-blocks/v2/blocks/?page_builder=gutenberg&per_page=30&page=1&wireframe=yes
[14-Feb-2024 11:44:33 UTC] BLOCK: Storing in option ast-block-templates-blocks-1
[14-Feb-2024 11:44:33 UTC] BLOCK: Completed request 1
[14-Feb-2024 11:44:33 UTC] BLOCK: Importing request 2 ..
[14-Feb-2024 11:44:33 UTC] BLOCK: https://websitedemos.net/wp-json/astra-blocks/v2/blocks/?page_builder=gutenberg&per_page=30&page=2&wireframe=yes
[14-Feb-2024 11:44:34 UTC] BLOCK: Storing in option ast-block-templates-blocks-2
[14-Feb-2024 11:44:35 UTC] BLOCK: Completed request 2
[14-Feb-2024 11:44:35 UTC] BLOCK: Importing request 3 ..
[14-Feb-2024 11:44:35 UTC] BLOCK: https://websitedemos.net/wp-json/astra-blocks/v2/blocks/?page_builder=gutenberg&per_page=30&page=3&wireframe=yes
[14-Feb-2024 11:44:35 UTC] BLOCK: Storing in option ast-block-templates-blocks-3
[14-Feb-2024 11:44:35 UTC] BLOCK: Completed request 3
[14-Feb-2024 11:44:35 UTC] BLOCK: Importing request 4 ..
[14-Feb-2024 11:44:35 UTC] BLOCK: https://websitedemos.net/wp-json/astra-blocks/v2/blocks/?page_builder=gutenberg&per_page=30&page=4&wireframe=yes
[14-Feb-2024 11:44:35 UTC] BLOCK: Storing in option ast-block-templates-blocks-4
[14-Feb-2024 11:44:36 UTC] BLOCK: Completed request 4
[14-Feb-2024 11:44:36 UTC] BLOCK: Importing request 5 ..
[14-Feb-2024 11:44:36 UTC] BLOCK: https://websitedemos.net/wp-json/astra-blocks/v2/blocks/?page_builder=gutenberg&per_page=30&page=5&wireframe=yes
[14-Feb-2024 11:44:36 UTC] BLOCK: Storing in option ast-block-templates-blocks-5
[14-Feb-2024 11:44:36 UTC] BLOCK: Completed request 5
[14-Feb-2024 11:44:36 UTC] BLOCK: Importing request 6 ..
[14-Feb-2024 11:44:36 UTC] BLOCK: https://websitedemos.net/wp-json/astra-blocks/v2/blocks/?page_builder=gutenberg&per_page=30&page=6&wireframe=yes
[14-Feb-2024 11:44:36 UTC] BLOCK: Storing in option ast-block-templates-blocks-6
[14-Feb-2024 11:44:36 UTC] BLOCK: Completed request 6
[14-Feb-2024 11:44:36 UTC] BLOCK: Importing request 7 ..
[14-Feb-2024 11:44:36 UTC] BLOCK: https://websitedemos.net/wp-json/astra-blocks/v2/blocks/?page_builder=gutenberg&per_page=30&page=7&wireframe=yes
[14-Feb-2024 11:44:36 UTC] BLOCK: Storing in option ast-block-templates-blocks-7
[14-Feb-2024 11:44:37 UTC] BLOCK: Completed request 7
[14-Feb-2024 11:44:37 UTC] BLOCK: Importing request 8 ..
[14-Feb-2024 11:44:37 UTC] BLOCK: https://websitedemos.net/wp-json/astra-blocks/v2/blocks/?page_builder=gutenberg&per_page=30&page=8&wireframe=yes
[14-Feb-2024 11:44:37 UTC] BLOCK: Storing in option ast-block-templates-blocks-8
[14-Feb-2024 11:44:37 UTC] BLOCK: Completed request 8
[14-Feb-2024 11:44:37 UTC] SITE: Getting Total Sites
[14-Feb-2024 11:44:37 UTC] SITE: https://websitedemos.net/wp-json/astra-sites/v1/get-total-pages/?page_builder=gutenberg&per_page=30
[14-Feb-2024 11:44:37 UTC] SITE: Request count 9
[14-Feb-2024 11:44:37 UTC] SITE: Importing request 1 ..
[14-Feb-2024 11:44:37 UTC] SITE: https://websitedemos.net/wp-json/astra-sites/v1/sites-and-pages/?per_page=30&page=1&page-builder=gutenberg
[14-Feb-2024 11:44:37 UTC] SITE: Storing in option ast-block-templates-sites-1
[14-Feb-2024 11:44:37 UTC] SITE: Completed request 1
[14-Feb-2024 11:44:37 UTC] SITE: Importing request 2 ..
[14-Feb-2024 11:44:37 UTC] SITE: https://websitedemos.net/wp-json/astra-sites/v1/sites-and-pages/?per_page=30&page=2&page-builder=gutenberg
[14-Feb-2024 11:44:37 UTC] SITE: Storing in option ast-block-templates-sites-2
[14-Feb-2024 11:44:37 UTC] SITE: Completed request 2
[14-Feb-2024 11:44:37 UTC] SITE: Importing request 3 ..
[14-Feb-2024 11:44:37 UTC] SITE: https://websitedemos.net/wp-json/astra-sites/v1/sites-and-pages/?per_page=30&page=3&page-builder=gutenberg
[14-Feb-2024 11:44:37 UTC] SITE: Storing in option ast-block-templates-sites-3
[14-Feb-2024 11:44:37 UTC] SITE: Completed request 3
[14-Feb-2024 11:44:37 UTC] SITE: Importing request 4 ..
[14-Feb-2024 11:44:37 UTC] SITE: https://websitedemos.net/wp-json/astra-sites/v1/sites-and-pages/?per_page=30&page=4&page-builder=gutenberg
[14-Feb-2024 11:44:37 UTC] SITE: Storing in option ast-block-templates-sites-4
[14-Feb-2024 11:44:37 UTC] SITE: Completed request 4
[14-Feb-2024 11:44:37 UTC] SITE: Importing request 5 ..
[14-Feb-2024 11:44:37 UTC] SITE: https://websitedemos.net/wp-json/astra-sites/v1/sites-and-pages/?per_page=30&page=5&page-builder=gutenberg
[14-Feb-2024 11:44:38 UTC] SITE: Storing in option ast-block-templates-sites-5
[14-Feb-2024 11:44:38 UTC] SITE: Completed request 5
[14-Feb-2024 11:44:38 UTC] SITE: Importing request 6 ..
[14-Feb-2024 11:44:38 UTC] SITE: https://websitedemos.net/wp-json/astra-sites/v1/sites-and-pages/?per_page=30&page=6&page-builder=gutenberg
[14-Feb-2024 11:44:38 UTC] SITE: Storing in option ast-block-templates-sites-6
[14-Feb-2024 11:44:38 UTC] SITE: Completed request 6
[14-Feb-2024 11:44:38 UTC] SITE: Importing request 7 ..
[14-Feb-2024 11:44:38 UTC] SITE: https://websitedemos.net/wp-json/astra-sites/v1/sites-and-pages/?per_page=30&page=7&page-builder=gutenberg
[14-Feb-2024 11:44:38 UTC] SITE: Storing in option ast-block-templates-sites-7
[14-Feb-2024 11:44:38 UTC] SITE: Completed request 7
[14-Feb-2024 11:44:38 UTC] SITE: Importing request 8 ..
[14-Feb-2024 11:44:38 UTC] SITE: https://websitedemos.net/wp-json/astra-sites/v1/sites-and-pages/?per_page=30&page=8&page-builder=gutenberg
[14-Feb-2024 11:44:38 UTC] SITE: Storing in option ast-block-templates-sites-8
[14-Feb-2024 11:44:38 UTC] SITE: Completed request 8
[14-Feb-2024 11:44:38 UTC] SITE: Importing request 9 ..
[14-Feb-2024 11:44:38 UTC] SITE: https://websitedemos.net/wp-json/astra-sites/v1/sites-and-pages/?per_page=30&page=9&page-builder=gutenberg
[14-Feb-2024 11:44:38 UTC] SITE: Storing in option ast-block-templates-sites-9
[14-Feb-2024 11:44:38 UTC] SITE: Completed request 9
[14-Feb-2024 11:44:38 UTC] Sync process for Gutenberg Blocks is done.
[14-Feb-2024 11:44:38 UTC] BLOCK: Getting Server Custimizer CSS
[14-Feb-2024 11:44:38 UTC] BLOCK: https://websitedemos.net/wp-json/astra-blocks/v2/get-customizer-css
[14-Feb-2024 11:44:45 UTC] Blocks are up to date.
[14-Feb-2024 11:46:39 UTC] PHP Warning:  Undefined array key 0 in /Users/zohreh/Local Sites/deutsch-mit-simin-1/app/public/wp-content/plugins/astra-sites/inc/lib/astra-notices/class-astra-notices.php on line 207
[14-Feb-2024 11:53:27 UTC] PHP Warning:  Undefined array key 0 in /Users/zohreh/Local Sites/deutsch-mit-simin-1/app/public/wp-content/plugins/astra-sites/inc/lib/astra-notices/class-astra-notices.php on line 207
[14-Mar-2024 00:40:09 UTC] Sync process for Gutenberg Blocks has started.
[14-Mar-2024 00:40:09 UTC] CATEGORY: Storing in option ast-block-templates-categories
[14-Mar-2024 00:40:09 UTC] BLOCK: Requests count 8
[14-Mar-2024 00:40:09 UTC] BLOCK: Importing request 1 ..
[14-Mar-2024 00:40:09 UTC] BLOCK: https://websitedemos.net/wp-json/astra-blocks/v2/blocks/?page_builder=gutenberg&per_page=30&page=1&wireframe=yes
[14-Mar-2024 00:40:10 UTC] BLOCK: Storing in option ast-block-templates-blocks-1
[14-Mar-2024 00:40:10 UTC] BLOCK: Completed request 1
[14-Mar-2024 00:40:10 UTC] BLOCK: Importing request 2 ..
[14-Mar-2024 00:40:10 UTC] BLOCK: https://websitedemos.net/wp-json/astra-blocks/v2/blocks/?page_builder=gutenberg&per_page=30&page=2&wireframe=yes
[14-Mar-2024 00:40:13 UTC] BLOCK: Storing in option ast-block-templates-blocks-2
[14-Mar-2024 00:40:13 UTC] BLOCK: Completed request 2
[14-Mar-2024 00:40:13 UTC] BLOCK: Importing request 3 ..
[14-Mar-2024 00:40:13 UTC] BLOCK: https://websitedemos.net/wp-json/astra-blocks/v2/blocks/?page_builder=gutenberg&per_page=30&page=3&wireframe=yes
[14-Mar-2024 00:40:15 UTC] BLOCK: Storing in option ast-block-templates-blocks-3
[14-Mar-2024 00:40:15 UTC] BLOCK: Completed request 3
[14-Mar-2024 00:40:15 UTC] BLOCK: Importing request 4 ..
[14-Mar-2024 00:40:15 UTC] BLOCK: https://websitedemos.net/wp-json/astra-blocks/v2/blocks/?page_builder=gutenberg&per_page=30&page=4&wireframe=yes
[14-Mar-2024 00:40:16 UTC] BLOCK: Storing in option ast-block-templates-blocks-4
[14-Mar-2024 00:40:16 UTC] BLOCK: Completed request 4
[14-Mar-2024 00:40:16 UTC] BLOCK: Importing request 5 ..
[14-Mar-2024 00:40:16 UTC] BLOCK: https://websitedemos.net/wp-json/astra-blocks/v2/blocks/?page_builder=gutenberg&per_page=30&page=5&wireframe=yes
[14-Mar-2024 00:40:17 UTC] BLOCK: Storing in option ast-block-templates-blocks-5
[14-Mar-2024 00:40:17 UTC] BLOCK: Completed request 5
[14-Mar-2024 00:40:17 UTC] BLOCK: Importing request 6 ..
[14-Mar-2024 00:40:17 UTC] BLOCK: https://websitedemos.net/wp-json/astra-blocks/v2/blocks/?page_builder=gutenberg&per_page=30&page=6&wireframe=yes
[14-Mar-2024 00:40:18 UTC] BLOCK: Storing in option ast-block-templates-blocks-6
[14-Mar-2024 00:40:18 UTC] BLOCK: Completed request 6
[14-Mar-2024 00:40:18 UTC] BLOCK: Importing request 7 ..
[14-Mar-2024 00:40:18 UTC] BLOCK: https://websitedemos.net/wp-json/astra-blocks/v2/blocks/?page_builder=gutenberg&per_page=30&page=7&wireframe=yes
[14-Mar-2024 00:40:19 UTC] BLOCK: Storing in option ast-block-templates-blocks-7
[14-Mar-2024 00:40:19 UTC] BLOCK: Completed request 7
[14-Mar-2024 00:40:19 UTC] BLOCK: Importing request 8 ..
[14-Mar-2024 00:40:19 UTC] BLOCK: https://websitedemos.net/wp-json/astra-blocks/v2/blocks/?page_builder=gutenberg&per_page=30&page=8&wireframe=yes
[14-Mar-2024 00:40:20 UTC] BLOCK: Storing in option ast-block-templates-blocks-8
[14-Mar-2024 00:40:20 UTC] BLOCK: Completed request 8
[14-Mar-2024 00:40:20 UTC] SITE: Getting Total Sites
[14-Mar-2024 00:40:20 UTC] SITE: https://websitedemos.net/wp-json/astra-sites/v1/get-total-pages/?page_builder=gutenberg&per_page=30
[14-Mar-2024 00:40:20 UTC] SITE: Request count 10
[14-Mar-2024 00:40:20 UTC] SITE: Importing request 1 ..
[14-Mar-2024 00:40:20 UTC] SITE: https://websitedemos.net/wp-json/astra-sites/v1/sites-and-pages/?per_page=30&page=1&page-builder=gutenberg
[14-Mar-2024 00:40:21 UTC] SITE: Storing in option ast-block-templates-sites-1
[14-Mar-2024 00:40:21 UTC] SITE: Completed request 1
[14-Mar-2024 00:40:21 UTC] SITE: Importing request 2 ..
[14-Mar-2024 00:40:21 UTC] SITE: https://websitedemos.net/wp-json/astra-sites/v1/sites-and-pages/?per_page=30&page=2&page-builder=gutenberg
[14-Mar-2024 00:40:22 UTC] SITE: Storing in option ast-block-templates-sites-2
[14-Mar-2024 00:40:22 UTC] SITE: Completed request 2
[14-Mar-2024 00:40:22 UTC] SITE: Importing request 3 ..
[14-Mar-2024 00:40:22 UTC] SITE: https://websitedemos.net/wp-json/astra-sites/v1/sites-and-pages/?per_page=30&page=3&page-builder=gutenberg
[14-Mar-2024 00:40:22 UTC] SITE: Storing in option ast-block-templates-sites-3
[14-Mar-2024 00:40:22 UTC] SITE: Completed request 3
[14-Mar-2024 00:40:22 UTC] SITE: Importing request 4 ..
[14-Mar-2024 00:40:22 UTC] SITE: https://websitedemos.net/wp-json/astra-sites/v1/sites-and-pages/?per_page=30&page=4&page-builder=gutenberg
[14-Mar-2024 00:40:23 UTC] SITE: Storing in option ast-block-templates-sites-4
[14-Mar-2024 00:40:23 UTC] SITE: Completed request 4
[14-Mar-2024 00:40:23 UTC] SITE: Importing request 5 ..
[14-Mar-2024 00:40:23 UTC] SITE: https://websitedemos.net/wp-json/astra-sites/v1/sites-and-pages/?per_page=30&page=5&page-builder=gutenberg
[14-Mar-2024 00:40:23 UTC] SITE: Storing in option ast-block-templates-sites-5
[14-Mar-2024 00:40:23 UTC] SITE: Completed request 5
[14-Mar-2024 00:40:23 UTC] SITE: Importing request 6 ..
[14-Mar-2024 00:40:23 UTC] SITE: https://websitedemos.net/wp-json/astra-sites/v1/sites-and-pages/?per_page=30&page=6&page-builder=gutenberg
[14-Mar-2024 00:40:24 UTC] SITE: Storing in option ast-block-templates-sites-6
[14-Mar-2024 00:40:24 UTC] SITE: Completed request 6
[14-Mar-2024 00:40:24 UTC] SITE: Importing request 7 ..
[14-Mar-2024 00:40:24 UTC] SITE: https://websitedemos.net/wp-json/astra-sites/v1/sites-and-pages/?per_page=30&page=7&page-builder=gutenberg
[14-Mar-2024 00:40:24 UTC] SITE: Storing in option ast-block-templates-sites-7
[14-Mar-2024 00:40:24 UTC] SITE: Completed request 7
[14-Mar-2024 00:40:24 UTC] SITE: Importing request 8 ..
[14-Mar-2024 00:40:24 UTC] SITE: https://websitedemos.net/wp-json/astra-sites/v1/sites-and-pages/?per_page=30&page=8&page-builder=gutenberg
[14-Mar-2024 00:40:25 UTC] SITE: Storing in option ast-block-templates-sites-8
[14-Mar-2024 00:40:25 UTC] SITE: Completed request 8
[14-Mar-2024 00:40:25 UTC] SITE: Importing request 9 ..
[14-Mar-2024 00:40:25 UTC] SITE: https://websitedemos.net/wp-json/astra-sites/v1/sites-and-pages/?per_page=30&page=9&page-builder=gutenberg
[14-Mar-2024 00:40:25 UTC] SITE: Storing in option ast-block-templates-sites-9
[14-Mar-2024 00:40:25 UTC] SITE: Completed request 9
[14-Mar-2024 00:40:25 UTC] SITE: Importing request 10 ..
[14-Mar-2024 00:40:25 UTC] SITE: https://websitedemos.net/wp-json/astra-sites/v1/sites-and-pages/?per_page=30&page=10&page-builder=gutenberg
[14-Mar-2024 00:40:26 UTC] SITE: Storing in option ast-block-templates-sites-10
[14-Mar-2024 00:40:26 UTC] SITE: Completed request 10
[14-Mar-2024 00:40:26 UTC] Sync process for Gutenberg Blocks is done.
[14-Mar-2024 00:40:26 UTC] BLOCK: Getting Server Custimizer CSS
[14-Mar-2024 00:40:26 UTC] BLOCK: https://websitedemos.net/wp-json/astra-blocks/v2/get-customizer-css
[14-Mar-2024 10:57:04 UTC] Cron reschedule event error for hook: action_scheduler_run_queue, Error code: could_not_set, Error message: The cron event list could not be saved., Data: {"schedule":"every_minute","args":["WP Cron"],"interval":60}
[14-Mar-2024 10:57:04 UTC] Cron reschedule event error for hook: wp_privacy_delete_old_export_files, Error code: could_not_set, Error message: The cron event list could not be saved., Data: {"schedule":"hourly","args":[],"interval":3600}
[14-Mar-2024 10:57:04 UTC] Cron unschedule event error for hook: wp_privacy_delete_old_export_files, Error code: could_not_set, Error message: The cron event list could not be saved., Data: {"schedule":"hourly","args":[],"interval":3600}
[31-Mar-2024 00:28:55 UTC] Sync process for Gutenberg Blocks has started.
[31-Mar-2024 00:28:55 UTC] CATEGORY: Storing in option ast-block-templates-categories
[31-Mar-2024 00:28:55 UTC] BLOCK: Requests count 7
[31-Mar-2024 00:28:55 UTC] BLOCK: Importing request 1 ..
[31-Mar-2024 00:28:55 UTC] BLOCK: https://websitedemos.net/wp-json/astra-blocks/v2/blocks/?page_builder=gutenberg&per_page=30&page=1&wireframe=yes
[31-Mar-2024 00:28:55 UTC] BLOCK: Storing in option ast-block-templates-blocks-1
[31-Mar-2024 00:28:55 UTC] BLOCK: Completed request 1
[31-Mar-2024 00:28:55 UTC] BLOCK: Importing request 2 ..
[31-Mar-2024 00:28:55 UTC] BLOCK: https://websitedemos.net/wp-json/astra-blocks/v2/blocks/?page_builder=gutenberg&per_page=30&page=2&wireframe=yes
[31-Mar-2024 00:28:55 UTC] BLOCK: Storing in option ast-block-templates-blocks-2
[31-Mar-2024 00:28:56 UTC] BLOCK: Completed request 2
[31-Mar-2024 00:28:56 UTC] BLOCK: Importing request 3 ..
[31-Mar-2024 00:28:56 UTC] BLOCK: https://websitedemos.net/wp-json/astra-blocks/v2/blocks/?page_builder=gutenberg&per_page=30&page=3&wireframe=yes
[31-Mar-2024 00:28:56 UTC] BLOCK: Storing in option ast-block-templates-blocks-3
[31-Mar-2024 00:28:56 UTC] BLOCK: Completed request 3
[31-Mar-2024 00:28:56 UTC] BLOCK: Importing request 4 ..
[31-Mar-2024 00:28:56 UTC] BLOCK: https://websitedemos.net/wp-json/astra-blocks/v2/blocks/?page_builder=gutenberg&per_page=30&page=4&wireframe=yes
[31-Mar-2024 00:28:57 UTC] BLOCK: Storing in option ast-block-templates-blocks-4
[31-Mar-2024 00:28:57 UTC] BLOCK: Completed request 4
[31-Mar-2024 00:28:57 UTC] BLOCK: Importing request 5 ..
[31-Mar-2024 00:28:57 UTC] BLOCK: https://websitedemos.net/wp-json/astra-blocks/v2/blocks/?page_builder=gutenberg&per_page=30&page=5&wireframe=yes
[31-Mar-2024 00:28:57 UTC] BLOCK: Storing in option ast-block-templates-blocks-5
[31-Mar-2024 00:28:57 UTC] BLOCK: Completed request 5
[31-Mar-2024 00:28:57 UTC] BLOCK: Importing request 6 ..
[31-Mar-2024 00:28:57 UTC] BLOCK: https://websitedemos.net/wp-json/astra-blocks/v2/blocks/?page_builder=gutenberg&per_page=30&page=6&wireframe=yes
[31-Mar-2024 00:28:57 UTC] BLOCK: Storing in option ast-block-templates-blocks-6
[31-Mar-2024 00:28:57 UTC] BLOCK: Completed request 6
[31-Mar-2024 00:28:57 UTC] BLOCK: Importing request 7 ..
[31-Mar-2024 00:28:57 UTC] BLOCK: https://websitedemos.net/wp-json/astra-blocks/v2/blocks/?page_builder=gutenberg&per_page=30&page=7&wireframe=yes
[31-Mar-2024 00:28:58 UTC] BLOCK: Storing in option ast-block-templates-blocks-7
[31-Mar-2024 00:28:58 UTC] BLOCK: Completed request 7
[31-Mar-2024 00:28:58 UTC] SITE: Getting Total Sites
[31-Mar-2024 00:28:58 UTC] SITE: https://websitedemos.net/wp-json/astra-sites/v1/get-total-pages/?page_builder=gutenberg&per_page=30
[31-Mar-2024 00:28:58 UTC] SITE: Request count 10
[31-Mar-2024 00:28:58 UTC] SITE: Importing request 1 ..
[31-Mar-2024 00:28:58 UTC] SITE: https://websitedemos.net/wp-json/astra-sites/v1/sites-and-pages/?per_page=30&page=1&page-builder=gutenberg
[31-Mar-2024 00:28:58 UTC] SITE: Storing in option ast-block-templates-sites-1
[31-Mar-2024 00:28:58 UTC] SITE: Completed request 1
[31-Mar-2024 00:28:58 UTC] SITE: Importing request 2 ..
[31-Mar-2024 00:28:58 UTC] SITE: https://websitedemos.net/wp-json/astra-sites/v1/sites-and-pages/?per_page=30&page=2&page-builder=gutenberg
[31-Mar-2024 00:28:58 UTC] SITE: Storing in option ast-block-templates-sites-2
[31-Mar-2024 00:28:58 UTC] SITE: Completed request 2
[31-Mar-2024 00:28:58 UTC] SITE: Importing request 3 ..
[31-Mar-2024 00:28:58 UTC] SITE: https://websitedemos.net/wp-json/astra-sites/v1/sites-and-pages/?per_page=30&page=3&page-builder=gutenberg
[31-Mar-2024 00:28:58 UTC] SITE: Storing in option ast-block-templates-sites-3
[31-Mar-2024 00:28:58 UTC] SITE: Completed request 3
[31-Mar-2024 00:28:58 UTC] SITE: Importing request 4 ..
[31-Mar-2024 00:28:58 UTC] SITE: https://websitedemos.net/wp-json/astra-sites/v1/sites-and-pages/?per_page=30&page=4&page-builder=gutenberg
[31-Mar-2024 00:28:58 UTC] SITE: Storing in option ast-block-templates-sites-4
[31-Mar-2024 00:28:58 UTC] SITE: Completed request 4
[31-Mar-2024 00:28:58 UTC] SITE: Importing request 5 ..
[31-Mar-2024 00:28:58 UTC] SITE: https://websitedemos.net/wp-json/astra-sites/v1/sites-and-pages/?per_page=30&page=5&page-builder=gutenberg
[31-Mar-2024 00:28:59 UTC] SITE: Storing in option ast-block-templates-sites-5
[31-Mar-2024 00:28:59 UTC] SITE: Completed request 5
[31-Mar-2024 00:28:59 UTC] SITE: Importing request 6 ..
[31-Mar-2024 00:28:59 UTC] SITE: https://websitedemos.net/wp-json/astra-sites/v1/sites-and-pages/?per_page=30&page=6&page-builder=gutenberg
[31-Mar-2024 00:28:59 UTC] SITE: Storing in option ast-block-templates-sites-6
[31-Mar-2024 00:28:59 UTC] SITE: Completed request 6
[31-Mar-2024 00:28:59 UTC] SITE: Importing request 7 ..
[31-Mar-2024 00:28:59 UTC] SITE: https://websitedemos.net/wp-json/astra-sites/v1/sites-and-pages/?per_page=30&page=7&page-builder=gutenberg
[31-Mar-2024 00:28:59 UTC] SITE: Storing in option ast-block-templates-sites-7
[31-Mar-2024 00:28:59 UTC] SITE: Completed request 7
[31-Mar-2024 00:28:59 UTC] SITE: Importing request 8 ..
[31-Mar-2024 00:28:59 UTC] SITE: https://websitedemos.net/wp-json/astra-sites/v1/sites-and-pages/?per_page=30&page=8&page-builder=gutenberg
[31-Mar-2024 00:28:59 UTC] SITE: Storing in option ast-block-templates-sites-8
[31-Mar-2024 00:28:59 UTC] SITE: Completed request 8
[31-Mar-2024 00:28:59 UTC] SITE: Importing request 9 ..
[31-Mar-2024 00:28:59 UTC] SITE: https://websitedemos.net/wp-json/astra-sites/v1/sites-and-pages/?per_page=30&page=9&page-builder=gutenberg
[31-Mar-2024 00:28:59 UTC] SITE: Storing in option ast-block-templates-sites-9
[31-Mar-2024 00:28:59 UTC] SITE: Completed request 9
[31-Mar-2024 00:28:59 UTC] SITE: Importing request 10 ..
[31-Mar-2024 00:28:59 UTC] SITE: https://websitedemos.net/wp-json/astra-sites/v1/sites-and-pages/?per_page=30&page=10&page-builder=gutenberg
[31-Mar-2024 00:28:59 UTC] SITE: Storing in option ast-block-templates-sites-10
[31-Mar-2024 00:28:59 UTC] SITE: Completed request 10
[31-Mar-2024 00:28:59 UTC] Sync process for Gutenberg Blocks is done.
[31-Mar-2024 00:28:59 UTC] BLOCK: Getting Server Custimizer CSS
[31-Mar-2024 00:28:59 UTC] BLOCK: https://websitedemos.net/wp-json/astra-blocks/v2/get-customizer-css
[31-Mar-2024 01:56:50 UTC] PHP Warning:  Undefined array key 0 in /Users/zohreh/Local Sites/deutsch-mit-simin-1/app/public/wp-content/plugins/astra-sites/inc/lib/astra-notices/class-astra-notices.php on line 207
